TN:
SF:src\components\LazyComponents.tsx
FN:4,(anonymous_0)
FN:5,(anonymous_1)
FN:6,(anonymous_2)
FN:7,(anonymous_3)
FN:8,(anonymous_4)
FNF:5
FNH:0
FNDA:0,(anonymous_0)
FNDA:0,(anonymous_1)
FNDA:0,(anonymous_2)
FNDA:0,(anonymous_3)
FNDA:0,(anonymous_4)
DA:4,0
DA:5,0
DA:6,0
DA:7,0
DA:8,0
LF:5
LH:0
BRF:0
BRH:0
end_of_record
TN:
SF:src\components\OptimizedImage.tsx
FN:37,(anonymous_0)
FN:60,(anonymous_1)
FN:82,(anonymous_2)
FN:86,(anonymous_3)
FN:95,(anonymous_4)
FN:107,(anonymous_5)
FN:120,(anonymous_6)
FN:123,(anonymous_7)
FN:136,(anonymous_8)
FN:139,(anonymous_9)
FN:140,(anonymous_10)
FN:222,(anonymous_11)
FN:225,(anonymous_12)
FN:226,(anonymous_13)
FN:242,(anonymous_14)
FN:245,(anonymous_15)
FN:247,(anonymous_16)
FN:252,(anonymous_17)
FN:267,(anonymous_18)
FN:268,(anonymous_19)
FN:274,(anonymous_20)
FN:278,(anonymous_21)
FNF:22
FNH:0
FNDA:0,(anonymous_0)
FNDA:0,(anonymous_1)
FNDA:0,(anonymous_2)
FNDA:0,(anonymous_3)
FNDA:0,(anonymous_4)
FNDA:0,(anonymous_5)
FNDA:0,(anonymous_6)
FNDA:0,(anonymous_7)
FNDA:0,(anonymous_8)
FNDA:0,(anonymous_9)
FNDA:0,(anonymous_10)
FNDA:0,(anonymous_11)
FNDA:0,(anonymous_12)
FNDA:0,(anonymous_13)
FNDA:0,(anonymous_14)
FNDA:0,(anonymous_15)
FNDA:0,(anonymous_16)
FNDA:0,(anonymous_17)
FNDA:0,(anonymous_18)
FNDA:0,(anonymous_19)
FNDA:0,(anonymous_20)
FNDA:0,(anonymous_21)
DA:17,0
DA:18,0
DA:37,0
DA:52,0
DA:53,0
DA:54,0
DA:56,0
DA:57,0
DA:60,0
DA:61,0
DA:64,0
DA:66,0
DA:76,0
DA:79,0
DA:82,0
DA:83,0
DA:86,0
DA:87,0
DA:89,0
DA:90,0
DA:92,0
DA:95,0
DA:96,0
DA:97,0
DA:100,0
DA:101,0
DA:104,0
DA:107,0
DA:108,0
DA:109,0
DA:110,0
DA:113,0
DA:114,0
DA:117,0
DA:120,0
DA:121,0
DA:122,0
DA:123,0
DA:124,0
DA:125,0
DA:128,0
DA:129,0
DA:130,0
DA:136,0
DA:137,0
DA:138,0
DA:139,0
DA:140,0
DA:145,0
DA:146,0
DA:165,0
DA:166,0
DA:180,0
DA:181,0
DA:198,0
DA:202,0
DA:219,0
DA:222,0
DA:223,0
DA:225,0
DA:226,0
DA:227,0
DA:228,0
DA:229,0
DA:230,0
DA:231,0
DA:233,0
DA:234,0
DA:237,0
DA:240,0
DA:241,0
DA:243,0
DA:245,0
DA:247,0
DA:249,0
DA:252,0
DA:253,0
DA:254,0
DA:255,0
DA:258,0
DA:267,0
DA:268,0
DA:274,0
DA:275,0
DA:278,0
DA:279,0
DA:282,0
DA:289,0
LF:88
LH:0
BRDA:43,0,0,0
BRDA:44,1,0,0
BRDA:47,2,0,0
BRDA:48,3,0,0
BRDA:49,4,0,0
BRDA:50,5,0,0
BRDA:56,6,0,0
BRDA:56,6,1,0
BRDA:61,7,0,0
BRDA:61,7,1,0
BRDA:61,8,0,0
BRDA:61,8,1,0
BRDA:64,9,0,0
BRDA:64,9,1,0
BRDA:87,10,0,0
BRDA:87,10,1,0
BRDA:90,11,0,0
BRDA:90,11,1,0
BRDA:100,12,0,0
BRDA:100,12,1,0
BRDA:113,13,0,0
BRDA:113,13,1,0
BRDA:121,14,0,0
BRDA:121,14,1,0
BRDA:128,15,0,0
BRDA:128,15,1,0
BRDA:137,16,0,0
BRDA:137,16,1,0
BRDA:137,17,0,0
BRDA:137,17,1,0
BRDA:137,17,2,0
BRDA:145,18,0,0
BRDA:145,18,1,0
BRDA:145,19,0,0
BRDA:145,19,1,0
BRDA:145,19,2,0
BRDA:148,20,0,0
BRDA:148,20,1,0
BRDA:152,21,0,0
BRDA:152,21,1,0
BRDA:165,22,0,0
BRDA:165,22,1,0
BRDA:169,23,0,0
BRDA:169,23,1,0
BRDA:180,24,0,0
BRDA:180,24,1,0
BRDA:186,25,0,0
BRDA:186,25,1,0
BRDA:186,25,2,0
BRDA:198,26,0,0
BRDA:198,26,1,0
BRDA:227,27,0,0
BRDA:227,27,1,0
BRDA:243,28,0,0
BRDA:243,28,1,0
BRF:55
BRH:0
end_of_record
TN:
SF:src\components\ProfessionalHeader.tsx
FN:15,(anonymous_0)
FN:22,(anonymous_1)
FN:25,(anonymous_2)
FN:32,(anonymous_3)
FNF:4
FNH:0
FNDA:0,(anonymous_0)
FNDA:0,(anonymous_1)
FNDA:0,(anonymous_2)
FNDA:0,(anonymous_3)
DA:15,0
DA:20,0
DA:22,0
DA:23,0
DA:25,0
DA:26,0
DA:27,0
DA:28,0
DA:32,0
DA:36,0
DA:50,0
LF:11
LH:0
BRDA:18,0,0,0
BRDA:23,1,0,0
BRDA:23,1,1,0
BRDA:23,2,0,0
BRDA:23,2,1,0
BRDA:27,3,0,0
BRDA:27,3,1,0
BRDA:41,4,0,0
BRDA:41,4,1,0
BRF:9
BRH:0
end_of_record
TN:
SF:src\components\ThemeSelector.tsx
FN:20,(anonymous_0)
FN:26,(anonymous_1)
FN:44,(anonymous_2)
FN:57,(anonymous_3)
FNF:4
FNH:0
FNDA:0,(anonymous_0)
FNDA:0,(anonymous_1)
FNDA:0,(anonymous_2)
FNDA:0,(anonymous_3)
DA:20,0
DA:24,0
DA:26,0
DA:27,0
DA:28,0
DA:29,0
DA:32,0
DA:45,0
DA:57,0
DA:89,0
LF:10
LH:0
BRDA:49,0,0,0
BRDA:49,0,1,0
BRDA:54,1,0,0
BRDA:54,1,1,0
BRDA:70,2,0,0
BRDA:70,2,1,0
BRF:6
BRH:0
end_of_record
TN:
SF:src\components\ThemedScreen.tsx
FN:15,(anonymous_0)
FNF:1
FNH:0
FNDA:0,(anonymous_0)
DA:15,0
DA:22,0
DA:24,0
DA:30,0
DA:32,0
LF:5
LH:0
BRDA:18,0,0,0
BRDA:19,1,0,0
BRDA:26,2,0,0
BRDA:26,2,1,0
BRDA:30,3,0,0
BRDA:30,3,1,0
BRDA:36,4,0,0
BRDA:36,4,1,0
BRF:8
BRH:0
end_of_record
TN:
SF:src\components\ThemedText.tsx
FN:25,(anonymous_0)
FN:33,(anonymous_1)
FN:70,(anonymous_2)
FNF:3
FNH:0
FNDA:0,(anonymous_0)
FNDA:0,(anonymous_1)
FNDA:0,(anonymous_2)
DA:25,0
DA:31,0
DA:33,0
DA:34,0
DA:36,0
DA:38,0
DA:40,0
DA:42,0
DA:44,0
DA:46,0
DA:48,0
DA:50,0
DA:52,0
DA:54,0
DA:56,0
DA:58,0
DA:60,0
DA:62,0
DA:64,0
DA:66,0
DA:70,0
DA:71,0
DA:73,0
DA:75,0
DA:77,0
DA:79,0
DA:81,0
DA:83,0
DA:86,0
DA:90,0
DA:96,0
LF:31
LH:0
BRDA:26,0,0,0
BRDA:27,1,0,0
BRDA:34,2,0,0
BRDA:34,2,1,0
BRDA:34,2,2,0
BRDA:34,2,3,0
BRDA:34,2,4,0
BRDA:34,2,5,0
BRDA:34,2,6,0
BRDA:34,2,7,0
BRDA:34,2,8,0
BRDA:34,2,9,0
BRDA:34,2,10,0
BRDA:34,2,11,0
BRDA:34,2,12,0
BRDA:34,2,13,0
BRDA:34,2,14,0
BRDA:34,2,15,0
BRDA:71,3,0,0
BRDA:71,3,1,0
BRDA:71,3,2,0
BRDA:71,3,3,0
BRDA:71,3,4,0
BRDA:71,3,5,0
BRDA:71,3,6,0
BRDA:86,4,0,0
BRDA:86,4,1,0
BRDA:86,5,0,0
BRDA:86,5,1,0
BRF:29
BRH:0
end_of_record
TN:
SF:src\components\VirtualizedList.tsx
FN:44,OptimizedFlatList
FN:68,(anonymous_1)
FN:71,(anonymous_2)
FN:73,(anonymous_3)
FN:83,(anonymous_4)
FN:137,OptimizedVirtualizedList
FN:148,(anonymous_6)
FN:149,(anonymous_7)
FN:150,(anonymous_8)
FN:156,(anonymous_9)
FN:174,(anonymous_10)
FN:194,(anonymous_11)
FN:195,(anonymous_12)
FN:209,(anonymous_13)
FN:210,(anonymous_14)
FN:242,(anonymous_15)
FN:249,(anonymous_16)
FN:270,(anonymous_17)
FN:275,(anonymous_18)
FN:278,(anonymous_19)
FNF:20
FNH:0
FNDA:0,OptimizedFlatList
FNDA:0,(anonymous_1)
FNDA:0,(anonymous_2)
FNDA:0,(anonymous_3)
FNDA:0,(anonymous_4)
FNDA:0,OptimizedVirtualizedList
FNDA:0,(anonymous_6)
FNDA:0,(anonymous_7)
FNDA:0,(anonymous_8)
FNDA:0,(anonymous_9)
FNDA:0,(anonymous_10)
FNDA:0,(anonymous_11)
FNDA:0,(anonymous_12)
FNDA:0,(anonymous_13)
FNDA:0,(anonymous_14)
FNDA:0,(anonymous_15)
FNDA:0,(anonymous_16)
FNDA:0,(anonymous_17)
FNDA:0,(anonymous_18)
FNDA:0,(anonymous_19)
DA:12,0
DA:65,0
DA:68,0
DA:71,0
DA:72,0
DA:73,0
DA:79,0
DA:83,0
DA:84,0
DA:94,0
DA:146,0
DA:148,0
DA:149,0
DA:150,0
DA:156,0
DA:157,0
DA:167,0
DA:174,0
DA:190,0
DA:195,0
DA:196,0
DA:199,0
DA:206,0
DA:209,0
DA:210,0
DA:212,0
DA:213,0
DA:219,0
DA:220,0
DA:229,0
DA:242,0
DA:247,0
DA:249,0
DA:250,0
DA:252,0
DA:253,0
DA:254,0
DA:256,0
DA:258,0
DA:262,0
DA:270,0
DA:275,0
DA:276,0
DA:278,0
DA:283,0
DA:284,0
LF:46
LH:0
BRDA:48,0,0,0
BRDA:50,1,0,0
BRDA:57,2,0,0
BRDA:58,3,0,0
BRDA:59,4,0,0
BRDA:60,5,0,0
BRDA:61,6,0,0
BRDA:62,7,0,0
BRDA:63,8,0,0
BRDA:72,9,0,0
BRDA:72,9,1,0
BRDA:84,10,0,0
BRDA:84,10,1,0
BRDA:142,11,0,0
BRDA:157,12,0,0
BRDA:157,12,1,0
BRDA:212,13,0,0
BRDA:212,13,1,0
BRDA:219,14,0,0
BRDA:219,14,1,0
BRDA:235,15,0,0
BRDA:235,15,1,0
BRDA:245,16,0,0
BRDA:250,17,0,0
BRDA:250,17,1,0
BRDA:250,18,0,0
BRDA:250,18,1,0
BRDA:276,19,0,0
BRDA:276,19,1,0
BRF:29
BRH:0
end_of_record
TN:
SF:src\components\WebContainer.tsx
FN:9,(anonymous_0)
FNF:1
FNH:0
FNDA:0,(anonymous_0)
DA:9,0
DA:10,0
DA:11,0
DA:18,0
DA:21,0
LF:5
LH:0
BRDA:10,0,0,0
BRDA:10,0,1,0
BRDA:28,1,0,0
BRDA:28,1,1,0
BRF:4
BRH:0
end_of_record
TN:
SF:src\contexts\AuthContext.tsx
FN:23,(anonymous_0)
FN:27,(anonymous_1)
FN:31,(anonymous_2)
FN:44,(anonymous_3)
FN:53,(anonymous_4)
FN:67,(anonymous_5)
FN:85,(anonymous_6)
FN:104,(anonymous_7)
FN:113,(anonymous_8)
FN:124,(anonymous_9)
FN:141,(anonymous_10)
FN:156,(anonymous_11)
FNF:12
FNH:12
FNDA:76,(anonymous_0)
FNDA:35,(anonymous_1)
FNDA:35,(anonymous_2)
FNDA:5,(anonymous_3)
FNDA:2,(anonymous_4)
FNDA:1,(anonymous_5)
FNDA:1,(anonymous_6)
FNDA:1,(anonymous_7)
FNDA:2,(anonymous_8)
FNDA:2,(anonymous_9)
FNDA:76,(anonymous_10)
FNDA:104,(anonymous_11)
DA:17,3
DA:23,3
DA:24,76
DA:25,76
DA:27,76
DA:28,35
DA:31,76
DA:32,35
DA:33,35
DA:34,35
DA:35,10
DA:38,0
DA:40,35
DA:44,76
DA:45,5
DA:46,5
DA:47,5
DA:49,0
DA:53,76
DA:54,2
DA:56,2
DA:57,1
DA:58,1
DA:60,1
DA:62,0
DA:63,0
DA:67,76
DA:68,1
DA:69,1
DA:77,1
DA:78,1
DA:80,0
DA:81,0
DA:85,76
DA:86,1
DA:88,1
DA:96,1
DA:97,1
DA:99,0
DA:100,0
DA:104,76
DA:105,1
DA:106,1
DA:107,1
DA:109,0
DA:113,76
DA:114,2
DA:116,1
DA:117,1
DA:118,1
DA:120,0
DA:124,76
DA:125,2
DA:127,1
DA:128,1
DA:133,1
DA:134,1
DA:136,0
DA:137,0
DA:141,76
DA:153,76
DA:156,3
DA:157,104
DA:158,104
DA:159,0
DA:161,104
LF:66
LH:53
BRDA:34,0,0,10
BRDA:34,0,1,25
BRDA:56,1,0,1
BRDA:56,1,1,1
BRDA:56,2,0,2
BRDA:56,2,1,1
BRDA:114,3,0,1
BRDA:114,3,1,1
BRDA:125,4,0,1
BRDA:125,4,1,1
BRDA:125,5,0,2
BRDA:125,5,1,2
BRDA:158,6,0,0
BRDA:158,6,1,104
BRF:14
BRH:13
end_of_record
TN:
SF:src\contexts\CartContext.tsx
FN:25,(anonymous_0)
FN:29,(anonymous_1)
FN:34,(anonymous_2)
FN:35,(anonymous_3)
FN:39,(anonymous_4)
FN:42,(anonymous_5)
FN:46,(anonymous_6)
FN:57,(anonymous_7)
FN:67,(anonymous_8)
FN:68,(anonymous_9)
FN:81,(anonymous_10)
FN:89,(anonymous_11)
FN:93,(anonymous_12)
FN:110,(anonymous_13)
FN:127,(anonymous_14)
FN:141,(anonymous_15)
FN:142,(anonymous_16)
FN:163,(anonymous_17)
FN:164,(anonymous_18)
FN:164,(anonymous_19)
FN:167,(anonymous_20)
FN:173,(anonymous_21)
FN:174,(anonymous_22)
FN:180,(anonymous_23)
FN:184,(anonymous_24)
FN:202,(anonymous_25)
FN:205,(anonymous_26)
FN:206,(anonymous_27)
FN:209,(anonymous_28)
FN:210,(anonymous_29)
FN:217,(anonymous_30)
FN:218,(anonymous_31)
FN:241,(anonymous_32)
FNF:33
FNH:27
FNDA:30,(anonymous_0)
FNDA:13,(anonymous_1)
FNDA:29,(anonymous_2)
FNDA:1,(anonymous_3)
FNDA:29,(anonymous_4)
FNDA:14,(anonymous_5)
FNDA:13,(anonymous_6)
FNDA:1,(anonymous_7)
FNDA:12,(anonymous_8)
FNDA:12,(anonymous_9)
FNDA:0,(anonymous_10)
FNDA:0,(anonymous_11)
FNDA:0,(anonymous_12)
FNDA:24,(anonymous_13)
FNDA:3,(anonymous_14)
FNDA:21,(anonymous_15)
FNDA:71,(anonymous_16)
FNDA:2,(anonymous_17)
FNDA:2,(anonymous_18)
FNDA:2,(anonymous_19)
FNDA:2,(anonymous_20)
FNDA:1,(anonymous_21)
FNDA:1,(anonymous_22)
FNDA:1,(anonymous_23)
FNDA:0,(anonymous_24)
FNDA:2,(anonymous_25)
FNDA:1,(anonymous_26)
FNDA:1,(anonymous_27)
FNDA:15,(anonymous_28)
FNDA:15,(anonymous_29)
FNDA:0,(anonymous_30)
FNDA:0,(anonymous_31)
FNDA:30,(anonymous_32)
DA:19,1
DA:25,1
DA:26,30
DA:27,30
DA:29,30
DA:30,13
DA:34,30
DA:35,29
DA:36,1
DA:39,29
DA:42,30
DA:43,14
DA:46,30
DA:47,13
DA:48,13
DA:49,13
DA:50,1
DA:53,0
DA:57,30
DA:58,1
DA:59,1
DA:60,1
DA:63,0
DA:67,30
DA:68,12
DA:70,12
DA:71,3
DA:72,3
DA:74,0
DA:83,0
DA:91,0
DA:93,0
DA:94,0
DA:100,0
DA:105,12
DA:106,12
DA:107,12
DA:110,24
DA:111,12
DA:125,12
DA:126,12
DA:127,3
DA:132,12
DA:134,1
DA:135,1
DA:136,1
DA:139,11
DA:140,11
DA:141,11
DA:142,21
DA:143,71
DA:147,11
DA:150,11
DA:158,11
DA:163,30
DA:164,2
DA:167,30
DA:168,2
DA:169,1
DA:170,1
DA:173,1
DA:174,1
DA:175,1
DA:180,30
DA:181,1
DA:184,30
DA:185,0
DA:187,0
DA:188,0
DA:189,0
DA:190,0
DA:194,0
DA:195,0
DA:197,0
DA:198,0
DA:202,30
DA:204,2
DA:205,1
DA:206,1
DA:209,30
DA:210,30
DA:211,15
DA:212,15
DA:215,0
DA:216,0
DA:217,0
DA:218,0
DA:219,0
DA:223,0
DA:226,30
DA:238,30
DA:241,1
DA:242,30
DA:243,30
DA:244,0
DA:246,30
LF:96
LH:72
BRDA:43,0,0,3
BRDA:43,0,1,11
BRDA:49,1,0,1
BRDA:49,1,1,12
BRDA:59,2,0,1
BRDA:59,2,1,0
BRDA:70,3,0,3
BRDA:70,3,1,9
BRDA:72,4,0,0
BRDA:72,4,1,3
BRDA:105,5,0,12
BRDA:105,5,1,0
BRDA:106,6,0,0
BRDA:106,6,1,12
BRDA:107,7,0,12
BRDA:107,7,1,11
BRDA:107,7,2,11
BRDA:107,8,0,0
BRDA:107,8,1,11
BRDA:121,9,0,12
BRDA:121,9,1,1
BRDA:125,10,0,12
BRDA:125,10,1,0
BRDA:127,11,0,3
BRDA:127,11,1,2
BRDA:127,11,2,2
BRDA:129,12,0,2
BRDA:129,12,1,0
BRDA:132,13,0,1
BRDA:132,13,1,11
BRDA:140,14,0,11
BRDA:140,14,1,0
BRDA:156,15,0,11
BRDA:156,15,1,11
BRDA:168,16,0,1
BRDA:168,16,1,1
BRDA:175,17,0,1
BRDA:175,17,1,0
BRDA:185,18,0,0
BRDA:185,18,1,0
BRDA:189,19,0,0
BRDA:189,19,1,0
BRDA:211,20,0,15
BRDA:211,20,1,0
BRDA:216,21,0,0
BRDA:216,21,1,0
BRDA:243,22,0,0
BRDA:243,22,1,30
BRF:48
BRH:31
end_of_record
TN:
SF:src\contexts\NotificationContext.tsx
FN:28,(anonymous_0)
FN:39,(anonymous_1)
FN:42,(anonymous_2)
FN:49,(anonymous_3)
FN:78,(anonymous_4)
FN:86,(anonymous_5)
FN:90,(anonymous_6)
FN:106,(anonymous_7)
FN:143,(anonymous_8)
FN:144,(anonymous_9)
FN:145,(anonymous_10)
FN:153,(anonymous_11)
FN:154,(anonymous_12)
FN:155,(anonymous_13)
FN:159,(anonymous_14)
FN:163,(anonymous_15)
FN:166,(anonymous_16)
FN:167,(anonymous_17)
FN:175,(anonymous_18)
FN:194,(anonymous_19)
FNF:20
FNH:0
FNDA:0,(anonymous_0)
FNDA:0,(anonymous_1)
FNDA:0,(anonymous_2)
FNDA:0,(anonymous_3)
FNDA:0,(anonymous_4)
FNDA:0,(anonymous_5)
FNDA:0,(anonymous_6)
FNDA:0,(anonymous_7)
FNDA:0,(anonymous_8)
FNDA:0,(anonymous_9)
FNDA:0,(anonymous_10)
FNDA:0,(anonymous_11)
FNDA:0,(anonymous_12)
FNDA:0,(anonymous_13)
FNDA:0,(anonymous_14)
FNDA:0,(anonymous_15)
FNDA:0,(anonymous_16)
FNDA:0,(anonymous_17)
FNDA:0,(anonymous_18)
FNDA:0,(anonymous_19)
DA:24,0
DA:27,0
DA:28,0
DA:39,0
DA:40,0
DA:42,0
DA:44,0
DA:45,0
DA:49,0
DA:51,0
DA:52,0
DA:53,0
DA:56,0
DA:57,0
DA:65,0
DA:66,0
DA:68,0
DA:69,0
DA:70,0
DA:73,0
DA:74,0
DA:78,0
DA:79,0
DA:86,0
DA:87,0
DA:90,0
DA:91,0
DA:92,0
DA:102,0
DA:106,0
DA:107,0
DA:108,0
DA:110,0
DA:112,0
DA:113,0
DA:114,0
DA:116,0
DA:117,0
DA:118,0
DA:120,0
DA:121,0
DA:122,0
DA:124,0
DA:125,0
DA:126,0
DA:128,0
DA:132,0
DA:140,0
DA:143,0
DA:144,0
DA:145,0
DA:146,0
DA:153,0
DA:154,0
DA:155,0
DA:159,0
DA:160,0
DA:163,0
DA:166,0
DA:167,0
DA:168,0
DA:175,0
DA:178,0
DA:187,0
DA:194,0
DA:195,0
DA:196,0
DA:197,0
DA:199,0
LF:69
LH:0
BRDA:44,0,0,0
BRDA:44,0,1,0
BRDA:51,1,0,0
BRDA:51,1,1,0
BRDA:56,2,0,0
BRDA:56,2,1,0
BRDA:68,3,0,0
BRDA:68,3,1,0
BRDA:73,4,0,0
BRDA:73,4,1,0
BRDA:96,5,0,0
BRDA:96,5,1,0
BRDA:110,6,0,0
BRDA:110,6,1,0
BRDA:110,6,2,0
BRDA:110,6,3,0
BRDA:110,6,4,0
BRDA:146,7,0,0
BRDA:146,7,1,0
BRDA:196,8,0,0
BRDA:196,8,1,0
BRF:21
BRH:0
end_of_record
TN:
SF:src\contexts\OrderContext.tsx
FN:22,(anonymous_0)
FN:28,(anonymous_1)
FN:29,(anonymous_2)
FN:30,(anonymous_3)
FN:31,(anonymous_4)
FN:53,(anonymous_5)
FN:56,(anonymous_6)
FN:60,(anonymous_7)
FN:65,(anonymous_8)
FN:79,(anonymous_9)
FN:90,(anonymous_10)
FN:94,(anonymous_11)
FN:98,(anonymous_12)
FN:99,(anonymous_13)
FN:102,(anonymous_14)
FN:103,(anonymous_15)
FN:104,(anonymous_16)
FN:126,(anonymous_17)
FN:127,(anonymous_18)
FN:130,(anonymous_19)
FN:135,(anonymous_20)
FN:136,(anonymous_21)
FN:141,(anonymous_22)
FN:154,(anonymous_23)
FNF:24
FNH:24
FNDA:46,(anonymous_0)
FNDA:13,(anonymous_1)
FNDA:2,(anonymous_2)
FNDA:2,(anonymous_3)
FNDA:4,(anonymous_4)
FNDA:13,(anonymous_5)
FNDA:26,(anonymous_6)
FNDA:16,(anonymous_7)
FNDA:2,(anonymous_8)
FNDA:46,(anonymous_9)
FNDA:16,(anonymous_10)
FNDA:46,(anonymous_11)
FNDA:12,(anonymous_12)
FNDA:12,(anonymous_13)
FNDA:2,(anonymous_14)
FNDA:2,(anonymous_15)
FNDA:1,(anonymous_16)
FNDA:2,(anonymous_17)
FNDA:1,(anonymous_18)
FNDA:1,(anonymous_19)
FNDA:29,(anonymous_20)
FNDA:14,(anonymous_21)
FNDA:46,(anonymous_22)
FNDA:46,(anonymous_23)
DA:16,1
DA:22,1
DA:23,46
DA:24,46
DA:25,46
DA:28,46
DA:29,13
DA:30,2
DA:31,2
DA:32,4
DA:34,3
DA:35,1
DA:37,1
DA:39,1
DA:40,0
DA:42,0
DA:44,0
DA:45,0
DA:48,3
DA:53,13
DA:56,46
DA:57,26
DA:60,46
DA:61,16
DA:62,16
DA:63,16
DA:64,16
DA:65,2
DA:70,2
DA:73,0
DA:75,16
DA:79,46
DA:80,46
DA:81,46
DA:82,10
DA:85,0
DA:90,46
DA:91,16
DA:94,46
DA:95,46
DA:98,46
DA:99,12
DA:102,46
DA:103,2
DA:104,2
DA:105,1
DA:106,1
DA:109,1
DA:110,1
DA:113,1
DA:116,0
DA:119,1
DA:121,0
DA:126,46
DA:127,2
DA:130,46
DA:131,1
DA:135,46
DA:136,29
DA:137,14
DA:141,46
DA:151,46
DA:154,1
DA:155,46
DA:156,46
DA:157,0
DA:159,46
LF:67
LH:58
BRDA:32,0,0,3
BRDA:32,0,1,1
BRDA:34,1,0,1
BRDA:34,1,1,2
BRDA:37,2,0,1
BRDA:37,2,1,0
BRDA:39,3,0,0
BRDA:39,3,1,1
BRDA:42,4,0,0
BRDA:42,4,1,0
BRDA:44,5,0,0
BRDA:44,5,1,0
BRDA:57,6,0,13
BRDA:57,6,1,13
BRDA:64,7,0,2
BRDA:64,7,1,14
BRDA:81,8,0,10
BRDA:81,8,1,36
BRDA:81,9,0,46
BRDA:81,9,1,13
BRDA:105,10,0,1
BRDA:105,10,1,0
BRDA:109,11,0,1
BRDA:109,11,1,0
BRDA:136,12,0,29
BRDA:136,12,1,16
BRDA:156,13,0,0
BRDA:156,13,1,46
BRF:28
BRH:19
end_of_record
TN:
SF:src\contexts\PushNotificationContext.tsx
FN:44,(anonymous_0)
FN:60,(anonymous_1)
FN:65,(anonymous_2)
FN:73,(anonymous_3)
FN:77,(anonymous_4)
FN:85,(anonymous_5)
FN:89,(anonymous_6)
FN:100,(anonymous_7)
FN:133,(anonymous_8)
FN:151,(anonymous_9)
FN:165,(anonymous_10)
FN:179,(anonymous_11)
FN:187,(anonymous_12)
FN:193,(anonymous_13)
FN:199,(anonymous_14)
FN:215,(anonymous_15)
FN:220,(anonymous_16)
FN:225,(anonymous_17)
FN:226,(anonymous_18)
FN:227,(anonymous_19)
FN:231,(anonymous_20)
FN:232,(anonymous_21)
FN:232,(anonymous_22)
FN:235,(anonymous_23)
FN:239,(anonymous_24)
FN:243,(anonymous_25)
FN:247,(anonymous_26)
FN:248,(anonymous_27)
FN:249,(anonymous_28)
FN:250,(anonymous_29)
FN:251,(anonymous_30)
FN:254,(anonymous_31)
FN:264,(anonymous_32)
FN:290,(anonymous_33)
FN:299,(anonymous_34)
FN:303,(anonymous_35)
FN:305,(anonymous_36)
FN:306,(anonymous_37)
FN:307,(anonymous_38)
FN:308,(anonymous_39)
FN:310,(anonymous_40)
FN:313,(anonymous_41)
FNF:42
FNH:0
FNDA:0,(anonymous_0)
FNDA:0,(anonymous_1)
FNDA:0,(anonymous_2)
FNDA:0,(anonymous_3)
FNDA:0,(anonymous_4)
FNDA:0,(anonymous_5)
FNDA:0,(anonymous_6)
FNDA:0,(anonymous_7)
FNDA:0,(anonymous_8)
FNDA:0,(anonymous_9)
FNDA:0,(anonymous_10)
FNDA:0,(anonymous_11)
FNDA:0,(anonymous_12)
FNDA:0,(anonymous_13)
FNDA:0,(anonymous_14)
FNDA:0,(anonymous_15)
FNDA:0,(anonymous_16)
FNDA:0,(anonymous_17)
FNDA:0,(anonymous_18)
FNDA:0,(anonymous_19)
FNDA:0,(anonymous_20)
FNDA:0,(anonymous_21)
FNDA:0,(anonymous_22)
FNDA:0,(anonymous_23)
FNDA:0,(anonymous_24)
FNDA:0,(anonymous_25)
FNDA:0,(anonymous_26)
FNDA:0,(anonymous_27)
FNDA:0,(anonymous_28)
FNDA:0,(anonymous_29)
FNDA:0,(anonymous_30)
FNDA:0,(anonymous_31)
FNDA:0,(anonymous_32)
FNDA:0,(anonymous_33)
FNDA:0,(anonymous_34)
FNDA:0,(anonymous_35)
FNDA:0,(anonymous_36)
FNDA:0,(anonymous_37)
FNDA:0,(anonymous_38)
FNDA:0,(anonymous_39)
FNDA:0,(anonymous_40)
FNDA:0,(anonymous_41)
DA:40,0
DA:43,0
DA:44,0
DA:53,0
DA:54,0
DA:60,0
DA:61,0
DA:62,0
DA:63,0
DA:65,0
DA:66,0
DA:67,0
DA:68,0
DA:73,0
DA:74,0
DA:77,0
DA:78,0
DA:79,0
DA:81,0
DA:85,0
DA:86,0
DA:87,0
DA:88,0
DA:89,0
DA:93,0
DA:96,0
DA:100,0
DA:101,0
DA:102,0
DA:105,0
DA:106,0
DA:115,0
DA:118,0
DA:119,0
DA:120,0
DA:121,0
DA:122,0
DA:123,0
DA:125,0
DA:129,0
DA:133,0
DA:134,0
DA:135,0
DA:136,0
DA:138,0
DA:139,0
DA:140,0
DA:143,0
DA:145,0
DA:146,0
DA:151,0
DA:154,0
DA:157,0
DA:159,0
DA:160,0
DA:161,0
DA:165,0
DA:166,0
DA:179,0
DA:180,0
DA:181,0
DA:187,0
DA:193,0
DA:195,0
DA:199,0
DA:200,0
DA:208,0
DA:209,0
DA:211,0
DA:212,0
DA:215,0
DA:216,0
DA:217,0
DA:220,0
DA:221,0
DA:222,0
DA:225,0
DA:226,0
DA:227,0
DA:231,0
DA:232,0
DA:235,0
DA:236,0
DA:239,0
DA:240,0
DA:243,0
DA:244,0
DA:247,0
DA:248,0
DA:249,0
DA:250,0
DA:251,0
DA:254,0
DA:255,0
DA:256,0
DA:257,0
DA:258,0
DA:260,0
DA:264,0
DA:266,0
DA:283,0
DA:290,0
DA:291,0
DA:292,0
DA:293,0
DA:295,0
DA:299,0
DA:300,0
DA:302,0
DA:304,0
DA:305,0
DA:306,0
DA:307,0
DA:308,0
DA:311,0
DA:314,0
LF:116
LH:0
BRDA:66,0,0,0
BRDA:66,0,1,0
BRDA:88,1,0,0
BRDA:88,1,1,0
BRDA:105,2,0,0
BRDA:105,2,1,0
BRDA:138,3,0,0
BRDA:138,3,1,0
BRDA:143,4,0,0
BRDA:143,4,1,0
BRDA:145,5,0,0
BRDA:145,5,1,0
BRDA:165,6,0,0
BRDA:209,7,0,0
BRDA:209,7,1,0
BRDA:227,8,0,0
BRDA:227,8,1,0
BRDA:292,9,0,0
BRDA:292,9,1,0
BRF:19
BRH:0
end_of_record
TN:
SF:src\contexts\SettingsContext.tsx
FN:91,(anonymous_0)
FN:95,(anonymous_1)
FN:99,(anonymous_2)
FN:112,(anonymous_3)
FN:122,(anonymous_4)
FN:130,(anonymous_5)
FN:138,(anonymous_6)
FN:146,(anonymous_7)
FN:151,(anonymous_8)
FN:155,(anonymous_9)
FN:159,(anonymous_10)
FN:192,(anonymous_11)
FN:201,(anonymous_12)
FN:205,(anonymous_13)
FN:206,(anonymous_14)
FN:221,(anonymous_15)
FN:224,(anonymous_16)
FNF:17
FNH:0
FNDA:0,(anonymous_0)
FNDA:0,(anonymous_1)
FNDA:0,(anonymous_2)
FNDA:0,(anonymous_3)
FNDA:0,(anonymous_4)
FNDA:0,(anonymous_5)
FNDA:0,(anonymous_6)
FNDA:0,(anonymous_7)
FNDA:0,(anonymous_8)
FNDA:0,(anonymous_9)
FNDA:0,(anonymous_10)
FNDA:0,(anonymous_11)
FNDA:0,(anonymous_12)
FNDA:0,(anonymous_13)
FNDA:0,(anonymous_14)
FNDA:0,(anonymous_15)
FNDA:0,(anonymous_16)
DA:53,0
DA:83,0
DA:85,0
DA:91,0
DA:92,0
DA:95,0
DA:96,0
DA:99,0
DA:100,0
DA:101,0
DA:102,0
DA:103,0
DA:105,0
DA:108,0
DA:112,0
DA:113,0
DA:114,0
DA:115,0
DA:117,0
DA:118,0
DA:122,0
DA:123,0
DA:127,0
DA:130,0
DA:131,0
DA:135,0
DA:138,0
DA:139,0
DA:143,0
DA:146,0
DA:147,0
DA:148,0
DA:151,0
DA:152,0
DA:155,0
DA:156,0
DA:159,0
DA:160,0
DA:161,0
DA:164,0
DA:166,0
DA:167,0
DA:169,0
DA:170,0
DA:174,0
DA:185,0
DA:192,0
DA:193,0
DA:194,0
DA:195,0
DA:197,0
DA:201,0
DA:202,0
DA:204,0
DA:205,0
DA:207,0
DA:216,0
DA:221,0
DA:222,0
DA:224,0
DA:225,0
DA:228,0
DA:229,0
DA:233,0
DA:234,0
DA:238,0
DA:239,0
DA:243,0
DA:244,0
DA:248,0
DA:249,0
DA:252,0
LF:72
LH:0
BRDA:102,0,0,0
BRDA:102,0,1,0
BRDA:194,1,0,0
BRDA:194,1,1,0
BRDA:216,2,0,0
BRDA:216,2,1,0
BRDA:228,3,0,0
BRDA:228,3,1,0
BRDA:228,4,0,0
BRDA:228,4,1,0
BRDA:233,5,0,0
BRDA:233,5,1,0
BRDA:233,6,0,0
BRDA:233,6,1,0
BRDA:233,6,2,0
BRDA:233,6,3,0
BRDA:238,7,0,0
BRDA:238,7,1,0
BRDA:238,8,0,0
BRDA:238,8,1,0
BRDA:243,9,0,0
BRDA:243,9,1,0
BRDA:243,10,0,0
BRDA:243,10,1,0
BRDA:248,11,0,0
BRDA:248,11,1,0
BRDA:248,12,0,0
BRDA:248,12,1,0
BRF:28
BRH:0
end_of_record
TN:
SF:src\contexts\ThemeContext.tsx
FN:98,(anonymous_0)
FN:120,(anonymous_1)
FN:124,(anonymous_2)
FN:125,(anonymous_3)
FN:140,(anonymous_4)
FN:168,(anonymous_5)
FNF:6
FNH:0
FNDA:0,(anonymous_0)
FNDA:0,(anonymous_1)
FNDA:0,(anonymous_2)
FNDA:0,(anonymous_3)
FNDA:0,(anonymous_4)
FNDA:0,(anonymous_5)
DA:6,0
DA:34,0
DA:81,0
DA:98,0
DA:114,0
DA:117,0
DA:120,0
DA:121,0
DA:124,0
DA:125,0
DA:126,0
DA:127,0
DA:128,0
DA:129,0
DA:132,0
DA:136,0
DA:140,0
DA:141,0
DA:142,0
DA:143,0
DA:145,0
DA:146,0
DA:150,0
DA:152,0
DA:168,0
DA:169,0
DA:170,0
DA:171,0
DA:173,0
LF:29
LH:0
BRDA:128,0,0,0
BRDA:128,0,1,0
BRDA:128,1,0,0
BRDA:128,1,1,0
BRDA:170,2,0,0
BRDA:170,2,1,0
BRF:6
BRH:0
end_of_record
TN:
SF:src\hooks\usePerformanceMonitor.ts
FN:28,(anonymous_0)
FN:35,(anonymous_1)
FN:37,(anonymous_2)
FN:42,(anonymous_3)
FN:46,(anonymous_4)
FN:50,(anonymous_5)
FN:60,(anonymous_6)
FN:68,(anonymous_7)
FN:72,(anonymous_8)
FN:99,(anonymous_9)
FN:100,(anonymous_10)
FN:103,(anonymous_11)
FN:131,(anonymous_12)
FN:132,(anonymous_13)
FN:138,(anonymous_14)
FN:160,(anonymous_15)
FN:161,(anonymous_16)
FN:206,(anonymous_17)
FN:207,(anonymous_18)
FN:210,(anonymous_19)
FN:234,(anonymous_20)
FN:235,(anonymous_21)
FN:237,(anonymous_22)
FN:241,(anonymous_23)
FN:252,(anonymous_24)
FN:272,(anonymous_25)
FN:281,(anonymous_26)
FN:285,(anonymous_27)
FN:300,(anonymous_28)
FN:307,(anonymous_29)
FN:326,(anonymous_30)
FN:329,(anonymous_31)
FN:337,(anonymous_32)
FN:344,(anonymous_33)
FN:359,(anonymous_34)
FN:370,(anonymous_35)
FN:371,(anonymous_36)
FN:372,(anonymous_37)
FN:373,(anonymous_38)
FN:374,(anonymous_39)
FNF:40
FNH:0
FNDA:0,(anonymous_0)
FNDA:0,(anonymous_1)
FNDA:0,(anonymous_2)
FNDA:0,(anonymous_3)
FNDA:0,(anonymous_4)
FNDA:0,(anonymous_5)
FNDA:0,(anonymous_6)
FNDA:0,(anonymous_7)
FNDA:0,(anonymous_8)
FNDA:0,(anonymous_9)
FNDA:0,(anonymous_10)
FNDA:0,(anonymous_11)
FNDA:0,(anonymous_12)
FNDA:0,(anonymous_13)
FNDA:0,(anonymous_14)
FNDA:0,(anonymous_15)
FNDA:0,(anonymous_16)
FNDA:0,(anonymous_17)
FNDA:0,(anonymous_18)
FNDA:0,(anonymous_19)
FNDA:0,(anonymous_20)
FNDA:0,(anonymous_21)
FNDA:0,(anonymous_22)
FNDA:0,(anonymous_23)
FNDA:0,(anonymous_24)
FNDA:0,(anonymous_25)
FNDA:0,(anonymous_26)
FNDA:0,(anonymous_27)
FNDA:0,(anonymous_28)
FNDA:0,(anonymous_29)
FNDA:0,(anonymous_30)
FNDA:0,(anonymous_31)
FNDA:0,(anonymous_32)
FNDA:0,(anonymous_33)
FNDA:0,(anonymous_34)
FNDA:0,(anonymous_35)
FNDA:0,(anonymous_36)
FNDA:0,(anonymous_37)
FNDA:0,(anonymous_38)
FNDA:0,(anonymous_39)
DA:25,0
DA:26,0
DA:29,0
DA:30,0
DA:31,0
DA:36,0
DA:37,0
DA:39,0
DA:43,0
DA:44,0
DA:46,0
DA:47,0
DA:51,0
DA:61,0
DA:65,0
DA:68,0
DA:69,0
DA:70,0
DA:72,0
DA:73,0
DA:75,0
DA:77,0
DA:78,0
DA:80,0
DA:82,0
DA:90,0
DA:91,0
DA:95,0
DA:99,0
DA:100,0
DA:101,0
DA:103,0
DA:104,0
DA:105,0
DA:107,0
DA:108,0
DA:110,0
DA:118,0
DA:119,0
DA:124,0
DA:127,0
DA:131,0
DA:132,0
DA:133,0
DA:135,0
DA:138,0
DA:139,0
DA:140,0
DA:142,0
DA:150,0
DA:151,0
DA:156,0
DA:160,0
DA:161,0
DA:166,0
DA:168,0
DA:169,0
DA:170,0
DA:171,0
DA:173,0
DA:181,0
DA:182,0
DA:185,0
DA:187,0
DA:188,0
DA:190,0
DA:198,0
DA:202,0
DA:206,0
DA:207,0
DA:208,0
DA:210,0
DA:211,0
DA:212,0
DA:214,0
DA:222,0
DA:223,0
DA:226,0
DA:230,0
DA:234,0
DA:235,0
DA:237,0
DA:238,0
DA:241,0
DA:242,0
DA:243,0
DA:252,0
DA:253,0
DA:263,0
DA:272,0
DA:279,0
DA:281,0
DA:282,0
DA:283,0
DA:285,0
DA:286,0
DA:287,0
DA:288,0
DA:292,0
DA:293,0
DA:296,0
DA:300,0
DA:301,0
DA:307,0
DA:308,0
DA:309,0
DA:310,0
DA:311,0
DA:312,0
DA:314,0
DA:315,0
DA:317,0
DA:318,0
DA:321,0
DA:323,0
DA:326,0
DA:327,0
DA:328,0
DA:329,0
DA:333,0
DA:337,0
DA:342,0
DA:344,0
DA:345,0
DA:346,0
DA:347,0
DA:348,0
DA:350,0
DA:351,0
DA:354,0
DA:359,0
DA:360,0
DA:362,0
DA:363,0
DA:365,0
DA:366,0
DA:368,0
DA:369,0
DA:370,0
DA:371,0
DA:372,0
DA:373,0
DA:374,0
DA:375,0
DA:377,0
LF:145
LH:0
BRDA:30,0,0,0
BRDA:30,0,1,0
BRDA:36,1,0,0
BRDA:36,1,1,0
BRDA:44,2,0,0
BRDA:44,2,1,0
BRDA:68,3,0,0
BRDA:73,4,0,0
BRDA:73,4,1,0
BRDA:90,5,0,0
BRDA:90,5,1,0
BRDA:118,6,0,0
BRDA:118,6,1,0
BRDA:150,7,0,0
BRDA:150,7,1,0
BRDA:181,8,0,0
BRDA:181,8,1,0
BRDA:222,9,0,0
BRDA:222,9,1,0
BRDA:272,10,0,0
BRDA:287,11,0,0
BRDA:287,11,1,0
BRDA:287,12,0,0
BRDA:287,12,1,0
BRDA:308,13,0,0
BRDA:308,13,1,0
BRDA:308,14,0,0
BRDA:308,14,1,0
BRDA:317,15,0,0
BRDA:317,15,1,0
BRDA:327,16,0,0
BRDA:327,16,1,0
BRDA:342,17,0,0
BRDA:342,17,1,0
BRDA:350,18,0,0
BRDA:350,18,1,0
BRDA:360,19,0,0
BRDA:360,19,1,0
BRDA:370,20,0,0
BRDA:370,20,1,0
BRDA:371,21,0,0
BRDA:371,21,1,0
BRDA:372,22,0,0
BRDA:372,22,1,0
BRDA:373,23,0,0
BRDA:373,23,1,0
BRDA:374,24,0,0
BRDA:374,24,1,0
BRF:48
BRH:0
end_of_record
TN:
SF:src\hooks\usePlatform.ts
FN:4,(anonymous_0)
FN:7,(anonymous_1)
FN:8,(anonymous_2)
FN:12,(anonymous_3)
FNF:4
FNH:0
FNDA:0,(anonymous_0)
FNDA:0,(anonymous_1)
FNDA:0,(anonymous_2)
FNDA:0,(anonymous_3)
DA:4,0
DA:5,0
DA:7,0
DA:8,0
DA:9,0
DA:12,0
DA:15,0
DA:16,0
DA:17,0
DA:19,0
LF:10
LH:0
BRDA:16,0,0,0
BRDA:16,0,1,0
BRDA:17,1,0,0
BRDA:17,1,1,0
BRF:4
BRH:0
end_of_record
TN:
SF:src\hooks\useThemedStyles.ts
FN:9,(anonymous_0)
FN:14,(anonymous_1)
FN:20,(anonymous_2)
FN:25,(anonymous_3)
FN:31,(anonymous_4)
FN:34,(anonymous_5)
FNF:6
FNH:0
FNDA:0,(anonymous_0)
FNDA:0,(anonymous_1)
FNDA:0,(anonymous_2)
FNDA:0,(anonymous_3)
FNDA:0,(anonymous_4)
FNDA:0,(anonymous_5)
DA:9,0
DA:12,0
DA:14,0
DA:15,0
DA:20,0
DA:23,0
DA:25,0
DA:26,0
DA:31,0
DA:32,0
DA:34,0
LF:11
LH:0
BRF:0
BRH:0
end_of_record
