<testsuites id="" name="" tests="21" failures="15" skipped="0" errors="0" time="50.009232000000004">
<testsuite name="dashboard-ui.spec.ts" timestamp="2025-09-09T18:49:07.466Z" hostname="web-dashboard" tests="6" failures="1" skipped="0" time="15.016" errors="0">
<testcase name="Dashboard Restaurant - Interface UI â€º Test UI.1 : AccÃ¨s et navigation dashboard" classname="dashboard-ui.spec.ts" time="0.827">
<system-out>
<![CDATA[ðŸŒ Test UI.1 : AccÃ¨s et navigation dashboard
âœ… Test UI.1 : Dashboard accessible et chargÃ©
]]>
</system-out>
</testcase>
<testcase name="Dashboard Restaurant - Interface UI â€º Test UI.2 : Affichage des plats existants" classname="dashboard-ui.spec.ts" time="2.854">
<failure message="dashboard-ui.spec.ts:27:7 Test UI.2 : Affichage des plats existants" type="FAILURE">
<![CDATA[  [web-dashboard] â€º dashboard-ui.spec.ts:27:7 â€º Dashboard Restaurant - Interface UI â€º Test UI.2 : Affichage des plats existants 

    Error: expect(received).toBeGreaterThan(expected)

    Expected: > 0
    Received:   0

      39 |     
      40 |     // On s'attend Ã  voir au moins quelques Ã©lÃ©ments
    > 41 |     expect(count).toBeGreaterThan(0);
         |                   ^
      42 |     
      43 |     console.log('âœ… Test UI.2 : Plats affichÃ©s dans l\'interface');
      44 |   });
        at C:\Users\akin_\Documents\dev\FoodApp\Quarkus\oneeats-backend\tests\specs\dashboard-ui.spec.ts:41:19

    attachment #1: screenshot (image/png) â”€â”€â”€â”€â”€â”€â”€â”€â”€â”€â”€â”€â”€â”€â”€â”€â”€â”€â”€â”€â”€â”€â”€â”€â”€â”€â”€â”€â”€â”€â”€â”€â”€â”€â”€â”€â”€â”€â”€â”€â”€â”€â”€â”€â”€â”€â”€â”€â”€â”€â”€â”€â”€â”€â”€â”€â”€â”€
    ..\test-results\dashboard-ui-Dashboard-Res-791e4-fichage-des-plats-existants-web-dashboard\test-failed-1.png
    â”€â”€â”€â”€â”€â”€â”€â”€â”€â”€â”€â”€â”€â”€â”€â”€â”€â”€â”€â”€â”€â”€â”€â”€â”€â”€â”€â”€â”€â”€â”€â”€â”€â”€â”€â”€â”€â”€â”€â”€â”€â”€â”€â”€â”€â”€â”€â”€â”€â”€â”€â”€â”€â”€â”€â”€â”€â”€â”€â”€â”€â”€â”€â”€â”€â”€â”€â”€â”€â”€â”€â”€â”€â”€â”€â”€â”€â”€â”€â”€â”€â”€â”€â”€â”€â”€â”€â”€â”€â”€â”€â”€â”€â”€â”€â”€

    attachment #2: video (video/webm) â”€â”€â”€â”€â”€â”€â”€â”€â”€â”€â”€â”€â”€â”€â”€â”€â”€â”€â”€â”€â”€â”€â”€â”€â”€â”€â”€â”€â”€â”€â”€â”€â”€â”€â”€â”€â”€â”€â”€â”€â”€â”€â”€â”€â”€â”€â”€â”€â”€â”€â”€â”€â”€â”€â”€â”€â”€â”€â”€â”€â”€â”€
    ..\test-results\dashboard-ui-Dashboard-Res-791e4-fichage-des-plats-existants-web-dashboard\video.webm
    â”€â”€â”€â”€â”€â”€â”€â”€â”€â”€â”€â”€â”€â”€â”€â”€â”€â”€â”€â”€â”€â”€â”€â”€â”€â”€â”€â”€â”€â”€â”€â”€â”€â”€â”€â”€â”€â”€â”€â”€â”€â”€â”€â”€â”€â”€â”€â”€â”€â”€â”€â”€â”€â”€â”€â”€â”€â”€â”€â”€â”€â”€â”€â”€â”€â”€â”€â”€â”€â”€â”€â”€â”€â”€â”€â”€â”€â”€â”€â”€â”€â”€â”€â”€â”€â”€â”€â”€â”€â”€â”€â”€â”€â”€â”€â”€

    Error Context: ..\test-results\dashboard-ui-Dashboard-Res-791e4-fichage-des-plats-existants-web-dashboard\error-context.md
]]>
</failure>
<system-out>
<![CDATA[ðŸ½ï¸ Test UI.2 : Affichage des plats existants
ðŸ“Š 0 Ã©lÃ©ments trouvÃ©s dans l'interface

[[ATTACHMENT|..\test-results\dashboard-ui-Dashboard-Res-791e4-fichage-des-plats-existants-web-dashboard\test-failed-1.png]]

[[ATTACHMENT|..\test-results\dashboard-ui-Dashboard-Res-791e4-fichage-des-plats-existants-web-dashboard\video.webm]]

[[ATTACHMENT|..\test-results\dashboard-ui-Dashboard-Res-791e4-fichage-des-plats-existants-web-dashboard\error-context.md]]
]]>
</system-out>
</testcase>
<testcase name="Dashboard Restaurant - Interface UI â€º Test UI.3 : Interaction basique avec l&apos;interface" classname="dashboard-ui.spec.ts" time="3.838">
<system-out>
<![CDATA[ðŸ–±ï¸ Test UI.3 : Interaction basique
ðŸ”˜ 50 Ã©lÃ©ments interactifs trouvÃ©s
âœ… Test UI.3 : Interface interactive et responsive
]]>
</system-out>
</testcase>
<testcase name="Dashboard Restaurant - Interface UI â€º Test UI.4 : VÃ©rification responsive et layout" classname="dashboard-ui.spec.ts" time="2.3">
<system-out>
<![CDATA[ðŸ“± Test UI.4 : Responsive et layout
âœ… Layout OK sur 1920x1080
âœ… Layout OK sur 1024x768
âœ… Layout OK sur 375x667
âœ… Test UI.4 : Responsive validÃ©
]]>
</system-out>
</testcase>
<testcase name="Dashboard Restaurant - Interface UI â€º Test UI.5 : Performance et temps de chargement" classname="dashboard-ui.spec.ts" time="1.797">
<system-out>
<![CDATA[âš¡ Test UI.5 : Performance dashboard
â±ï¸ Temps de chargement: 529ms
ðŸ› 1 erreurs JS critiques dÃ©tectÃ©es
Erreurs: [
  [32m'Failed to load resource: the server responded with a status of 404 (Not Found)'[39m
]
âœ… Test UI.5 : Performance dashboard validÃ©e
]]>
</system-out>
</testcase>
<testcase name="Dashboard Restaurant - Interface UI â€º Test UI.6 : Navigation entre pages" classname="dashboard-ui.spec.ts" time="3.4">
<system-out>
<![CDATA[ðŸ§­ Test UI.6 : Navigation dashboard
â„¹ï¸ Page non implÃ©mentÃ©e: /restaurant/orders
â„¹ï¸ Page non implÃ©mentÃ©e: /restaurant/analytics
â„¹ï¸ Page non implÃ©mentÃ©e: /restaurant/settings
â„¹ï¸ Page non implÃ©mentÃ©e: /restaurant
âœ… Test UI.6 : Navigation testÃ©e
]]>
</system-out>
</testcase>
</testsuite>
<testsuite name="phase1-dashboard.spec.ts" timestamp="2025-09-09T18:49:07.466Z" hostname="web-dashboard" tests="4" failures="3" skipped="0" time="22.998" errors="0">
<testcase name="Phase 1 : Gestion des Menus - Dashboard Restaurant â€º Test 1.1 : CrÃ©ation d&apos;un menu complet" classname="phase1-dashboard.spec.ts" time="10.484">
<failure message="phase1-dashboard.spec.ts:6:7 Test 1.1 : CrÃ©ation d&apos;un menu complet" type="FAILURE">
<![CDATA[  [web-dashboard] â€º phase1-dashboard.spec.ts:6:7 â€º Phase 1 : Gestion des Menus - Dashboard Restaurant â€º Test 1.1 : CrÃ©ation d'un menu complet 

    Error: expect(page).toHaveTitle(expected) failed

    Expected pattern: /OneEats/
    Received string:  "404 - Resource Not Found"
    Timeout: 10000ms

    Call log:
      - Expect "toHaveTitle" with timeout 10000ms
        13 Ã— unexpected value "404 - Resource Not Found"


       9 |     // Navigation vers le dashboard menu
      10 |     await page.goto('/restaurant/menu');
    > 11 |     await expect(page).toHaveTitle(/OneEats/);
         |                        ^
      12 |     
      13 |     // Attendre que la page soit chargÃ©e
      14 |     await page.waitForLoadState('networkidle');
        at C:\Users\akin_\Documents\dev\FoodApp\Quarkus\oneeats-backend\tests\specs\phase1-dashboard.spec.ts:11:24

    attachment #1: screenshot (image/png) â”€â”€â”€â”€â”€â”€â”€â”€â”€â”€â”€â”€â”€â”€â”€â”€â”€â”€â”€â”€â”€â”€â”€â”€â”€â”€â”€â”€â”€â”€â”€â”€â”€â”€â”€â”€â”€â”€â”€â”€â”€â”€â”€â”€â”€â”€â”€â”€â”€â”€â”€â”€â”€â”€â”€â”€â”€â”€
    ..\test-results\phase1-dashboard-Phase-1-G-4e681--CrÃ©ation-d-un-menu-complet-web-dashboard\test-failed-1.png
    â”€â”€â”€â”€â”€â”€â”€â”€â”€â”€â”€â”€â”€â”€â”€â”€â”€â”€â”€â”€â”€â”€â”€â”€â”€â”€â”€â”€â”€â”€â”€â”€â”€â”€â”€â”€â”€â”€â”€â”€â”€â”€â”€â”€â”€â”€â”€â”€â”€â”€â”€â”€â”€â”€â”€â”€â”€â”€â”€â”€â”€â”€â”€â”€â”€â”€â”€â”€â”€â”€â”€â”€â”€â”€â”€â”€â”€â”€â”€â”€â”€â”€â”€â”€â”€â”€â”€â”€â”€â”€â”€â”€â”€â”€â”€â”€

    attachment #2: video (video/webm) â”€â”€â”€â”€â”€â”€â”€â”€â”€â”€â”€â”€â”€â”€â”€â”€â”€â”€â”€â”€â”€â”€â”€â”€â”€â”€â”€â”€â”€â”€â”€â”€â”€â”€â”€â”€â”€â”€â”€â”€â”€â”€â”€â”€â”€â”€â”€â”€â”€â”€â”€â”€â”€â”€â”€â”€â”€â”€â”€â”€â”€â”€
    ..\test-results\phase1-dashboard-Phase-1-G-4e681--CrÃ©ation-d-un-menu-complet-web-dashboard\video.webm
    â”€â”€â”€â”€â”€â”€â”€â”€â”€â”€â”€â”€â”€â”€â”€â”€â”€â”€â”€â”€â”€â”€â”€â”€â”€â”€â”€â”€â”€â”€â”€â”€â”€â”€â”€â”€â”€â”€â”€â”€â”€â”€â”€â”€â”€â”€â”€â”€â”€â”€â”€â”€â”€â”€â”€â”€â”€â”€â”€â”€â”€â”€â”€â”€â”€â”€â”€â”€â”€â”€â”€â”€â”€â”€â”€â”€â”€â”€â”€â”€â”€â”€â”€â”€â”€â”€â”€â”€â”€â”€â”€â”€â”€â”€â”€â”€

    Error Context: ..\test-results\phase1-dashboard-Phase-1-G-4e681--CrÃ©ation-d-un-menu-complet-web-dashboard\error-context.md
]]>
</failure>
<system-out>
<![CDATA[ðŸ• Test 1.1 : CrÃ©ation d'un menu complet

[[ATTACHMENT|..\test-results\phase1-dashboard-Phase-1-G-4e681--CrÃ©ation-d-un-menu-complet-web-dashboard\test-failed-1.png]]

[[ATTACHMENT|..\test-results\phase1-dashboard-Phase-1-G-4e681--CrÃ©ation-d-un-menu-complet-web-dashboard\video.webm]]

[[ATTACHMENT|..\test-results\phase1-dashboard-Phase-1-G-4e681--CrÃ©ation-d-un-menu-complet-web-dashboard\error-context.md]]
]]>
</system-out>
</testcase>
<testcase name="Phase 1 : Gestion des Menus - Dashboard Restaurant â€º Test 1.2 : Gestion de la disponibilitÃ©" classname="phase1-dashboard.spec.ts" time="11.009">
<failure message="phase1-dashboard.spec.ts:42:7 Test 1.2 : Gestion de la disponibilitÃ©" type="FAILURE">
<![CDATA[  [web-dashboard] â€º phase1-dashboard.spec.ts:42:7 â€º Phase 1 : Gestion des Menus - Dashboard Restaurant â€º Test 1.2 : Gestion de la disponibilitÃ© 

    Error: expect(locator).toBeVisible() failed

    Locator:  locator('[data-testid="menu-item-card"]').first()
    Expected: visible
    Received: <element(s) not found>
    Timeout:  10000ms

    Call log:
      - Expect "toBeVisible" with timeout 10000ms
      - waiting for locator('[data-testid="menu-item-card"]').first()


      48 |     // Trouver un plat disponible
      49 |     const menuItem = page.locator('[data-testid="menu-item-card"]').first();
    > 50 |     await expect(menuItem).toBeVisible();
         |                            ^
      51 |     
      52 |     // RÃ©cupÃ©rer le nom du plat pour le suivi
      53 |     const itemName = await menuItem.locator('[data-testid="item-name"]').textContent();
        at C:\Users\akin_\Documents\dev\FoodApp\Quarkus\oneeats-backend\tests\specs\phase1-dashboard.spec.ts:50:28

    attachment #1: screenshot (image/png) â”€â”€â”€â”€â”€â”€â”€â”€â”€â”€â”€â”€â”€â”€â”€â”€â”€â”€â”€â”€â”€â”€â”€â”€â”€â”€â”€â”€â”€â”€â”€â”€â”€â”€â”€â”€â”€â”€â”€â”€â”€â”€â”€â”€â”€â”€â”€â”€â”€â”€â”€â”€â”€â”€â”€â”€â”€â”€
    ..\test-results\phase1-dashboard-Phase-1-G-94247-Gestion-de-la-disponibilitÃ©-web-dashboard\test-failed-1.png
    â”€â”€â”€â”€â”€â”€â”€â”€â”€â”€â”€â”€â”€â”€â”€â”€â”€â”€â”€â”€â”€â”€â”€â”€â”€â”€â”€â”€â”€â”€â”€â”€â”€â”€â”€â”€â”€â”€â”€â”€â”€â”€â”€â”€â”€â”€â”€â”€â”€â”€â”€â”€â”€â”€â”€â”€â”€â”€â”€â”€â”€â”€â”€â”€â”€â”€â”€â”€â”€â”€â”€â”€â”€â”€â”€â”€â”€â”€â”€â”€â”€â”€â”€â”€â”€â”€â”€â”€â”€â”€â”€â”€â”€â”€â”€â”€

    attachment #2: video (video/webm) â”€â”€â”€â”€â”€â”€â”€â”€â”€â”€â”€â”€â”€â”€â”€â”€â”€â”€â”€â”€â”€â”€â”€â”€â”€â”€â”€â”€â”€â”€â”€â”€â”€â”€â”€â”€â”€â”€â”€â”€â”€â”€â”€â”€â”€â”€â”€â”€â”€â”€â”€â”€â”€â”€â”€â”€â”€â”€â”€â”€â”€â”€
    ..\test-results\phase1-dashboard-Phase-1-G-94247-Gestion-de-la-disponibilitÃ©-web-dashboard\video.webm
    â”€â”€â”€â”€â”€â”€â”€â”€â”€â”€â”€â”€â”€â”€â”€â”€â”€â”€â”€â”€â”€â”€â”€â”€â”€â”€â”€â”€â”€â”€â”€â”€â”€â”€â”€â”€â”€â”€â”€â”€â”€â”€â”€â”€â”€â”€â”€â”€â”€â”€â”€â”€â”€â”€â”€â”€â”€â”€â”€â”€â”€â”€â”€â”€â”€â”€â”€â”€â”€â”€â”€â”€â”€â”€â”€â”€â”€â”€â”€â”€â”€â”€â”€â”€â”€â”€â”€â”€â”€â”€â”€â”€â”€â”€â”€â”€

    Error Context: ..\test-results\phase1-dashboard-Phase-1-G-94247-Gestion-de-la-disponibilitÃ©-web-dashboard\error-context.md
]]>
</failure>
<system-out>
<![CDATA[ðŸ‘ï¸ Test 1.2 : Gestion de la disponibilitÃ©

[[ATTACHMENT|..\test-results\phase1-dashboard-Phase-1-G-94247-Gestion-de-la-disponibilitÃ©-web-dashboard\test-failed-1.png]]

[[ATTACHMENT|..\test-results\phase1-dashboard-Phase-1-G-94247-Gestion-de-la-disponibilitÃ©-web-dashboard\video.webm]]

[[ATTACHMENT|..\test-results\phase1-dashboard-Phase-1-G-94247-Gestion-de-la-disponibilitÃ©-web-dashboard\error-context.md]]
]]>
</system-out>
</testcase>
<testcase name="Phase 1 : Gestion des Menus - Dashboard Restaurant â€º Test 1.3 : Filtres et recherche" classname="phase1-dashboard.spec.ts" time="0.78">
<system-out>
<![CDATA[ðŸ” Test 1.3 : Filtres et recherche
âœ… Test 1.3 : Filtres et recherche validÃ©s
]]>
</system-out>
</testcase>
<testcase name="Phase 1 : Gestion des Menus - Dashboard Restaurant â€º Test 1.4 : Validation donnÃ©es synchronisÃ©es" classname="phase1-dashboard.spec.ts" time="0.725">
<failure message="phase1-dashboard.spec.ts:119:7 Test 1.4 : Validation donnÃ©es synchronisÃ©es" type="FAILURE">
<![CDATA[  [web-dashboard] â€º phase1-dashboard.spec.ts:119:7 â€º Phase 1 : Gestion des Menus - Dashboard Restaurant â€º Test 1.4 : Validation donnÃ©es synchronisÃ©es 

    ReferenceError: db is not defined

      127 |     
      128 |     // RÃ©cupÃ©rer les donnÃ©es de la BDD
    > 129 |     const dbMenuItems = await db.getMenuItems(process.env.TEST_RESTAURANT_ID!);
          |                         ^
      130 |     const availableDbItems = dbMenuItems.filter(item => item.is_available);
      131 |     
      132 |     console.log(`ðŸŒ Interface: ${uiMenuItems} plats`);
        at C:\Users\akin_\Documents\dev\FoodApp\Quarkus\oneeats-backend\tests\specs\phase1-dashboard.spec.ts:129:25

    attachment #1: screenshot (image/png) â”€â”€â”€â”€â”€â”€â”€â”€â”€â”€â”€â”€â”€â”€â”€â”€â”€â”€â”€â”€â”€â”€â”€â”€â”€â”€â”€â”€â”€â”€â”€â”€â”€â”€â”€â”€â”€â”€â”€â”€â”€â”€â”€â”€â”€â”€â”€â”€â”€â”€â”€â”€â”€â”€â”€â”€â”€â”€
    ..\test-results\phase1-dashboard-Phase-1-G-3ecfd-ation-donnÃ©es-synchronisÃ©es-web-dashboard\test-failed-1.png
    â”€â”€â”€â”€â”€â”€â”€â”€â”€â”€â”€â”€â”€â”€â”€â”€â”€â”€â”€â”€â”€â”€â”€â”€â”€â”€â”€â”€â”€â”€â”€â”€â”€â”€â”€â”€â”€â”€â”€â”€â”€â”€â”€â”€â”€â”€â”€â”€â”€â”€â”€â”€â”€â”€â”€â”€â”€â”€â”€â”€â”€â”€â”€â”€â”€â”€â”€â”€â”€â”€â”€â”€â”€â”€â”€â”€â”€â”€â”€â”€â”€â”€â”€â”€â”€â”€â”€â”€â”€â”€â”€â”€â”€â”€â”€â”€

    attachment #2: video (video/webm) â”€â”€â”€â”€â”€â”€â”€â”€â”€â”€â”€â”€â”€â”€â”€â”€â”€â”€â”€â”€â”€â”€â”€â”€â”€â”€â”€â”€â”€â”€â”€â”€â”€â”€â”€â”€â”€â”€â”€â”€â”€â”€â”€â”€â”€â”€â”€â”€â”€â”€â”€â”€â”€â”€â”€â”€â”€â”€â”€â”€â”€â”€
    ..\test-results\phase1-dashboard-Phase-1-G-3ecfd-ation-donnÃ©es-synchronisÃ©es-web-dashboard\video.webm
    â”€â”€â”€â”€â”€â”€â”€â”€â”€â”€â”€â”€â”€â”€â”€â”€â”€â”€â”€â”€â”€â”€â”€â”€â”€â”€â”€â”€â”€â”€â”€â”€â”€â”€â”€â”€â”€â”€â”€â”€â”€â”€â”€â”€â”€â”€â”€â”€â”€â”€â”€â”€â”€â”€â”€â”€â”€â”€â”€â”€â”€â”€â”€â”€â”€â”€â”€â”€â”€â”€â”€â”€â”€â”€â”€â”€â”€â”€â”€â”€â”€â”€â”€â”€â”€â”€â”€â”€â”€â”€â”€â”€â”€â”€â”€â”€

    Error Context: ..\test-results\phase1-dashboard-Phase-1-G-3ecfd-ation-donnÃ©es-synchronisÃ©es-web-dashboard\error-context.md
]]>
</failure>
<system-out>
<![CDATA[ðŸ”„ Test 1.4 : Validation synchronisation BDD

[[ATTACHMENT|..\test-results\phase1-dashboard-Phase-1-G-3ecfd-ation-donnÃ©es-synchronisÃ©es-web-dashboard\test-failed-1.png]]

[[ATTACHMENT|..\test-results\phase1-dashboard-Phase-1-G-3ecfd-ation-donnÃ©es-synchronisÃ©es-web-dashboard\video.webm]]

[[ATTACHMENT|..\test-results\phase1-dashboard-Phase-1-G-3ecfd-ation-donnÃ©es-synchronisÃ©es-web-dashboard\error-context.md]]
]]>
</system-out>
</testcase>
</testsuite>
<testsuite name="phase2-api.spec.ts" timestamp="2025-09-09T18:49:07.466Z" hostname="api-backend" tests="5" failures="5" skipped="0" time="0.067" errors="0">
<testcase name="Phase 2 : Tests API Backend â€º Test 2.1 : API Restaurants - GET /restaurants" classname="phase2-api.spec.ts" time="0.003">
<failure message="phase2-api.spec.ts:12:7 Test 2.1 : API Restaurants - GET /restaurants" type="FAILURE">
<![CDATA[  [api-backend] â€º phase2-api.spec.ts:12:7 â€º Phase 2 : Tests API Backend â€º Test 2.1 : API Restaurants - GET /restaurants 

    Error: apiRequestContext.get: Fixture { request } from beforeAll cannot be reused in a test.
      - Recommended fix: use a separate { request } in the test.
      - Alternatively, manually create APIRequestContext in beforeAll and dispose it in afterAll.
    See https://playwright.dev/docs/api-testing#sending-api-requests-from-ui-tests for more details.

       at ..\helpers\api-helper.ts:8

       6 |   // Restaurants
       7 |   async getAllRestaurants() {
    >  8 |     const response = await this.request.get('/restaurants');
         |                                         ^
       9 |     return await response.json();
      10 |   }
      11 |
        at ApiHelper.getAllRestaurants (C:\Users\akin_\Documents\dev\FoodApp\Quarkus\oneeats-backend\tests\helpers\api-helper.ts:8:41)
        at C:\Users\akin_\Documents\dev\FoodApp\Quarkus\oneeats-backend\tests\specs\phase2-api.spec.ts:15:35
]]>
</failure>
<system-out>
<![CDATA[ðŸª Test 2.1 : API Restaurants
]]>
</system-out>
</testcase>
<testcase name="Phase 2 : Tests API Backend â€º Test 2.2 : API Restaurant dÃ©tails - GET /restaurants/{id}" classname="phase2-api.spec.ts" time="0.004">
<failure message="phase2-api.spec.ts:31:7 Test 2.2 : API Restaurant dÃ©tails - GET /restaurants/{id}" type="FAILURE">
<![CDATA[  [api-backend] â€º phase2-api.spec.ts:31:7 â€º Phase 2 : Tests API Backend â€º Test 2.2 : API Restaurant dÃ©tails - GET /restaurants/{id} 

    Error: apiRequestContext.get: Fixture { request } from beforeAll cannot be reused in a test.
      - Recommended fix: use a separate { request } in the test.
      - Alternatively, manually create APIRequestContext in beforeAll and dispose it in afterAll.
    See https://playwright.dev/docs/api-testing#sending-api-requests-from-ui-tests for more details.

       at ..\helpers\api-helper.ts:13

      11 |
      12 |   async getRestaurant(id: string) {
    > 13 |     const response = await this.request.get(`/restaurants/${id}`);
         |                                         ^
      14 |     return await response.json();
      15 |   }
      16 |
        at ApiHelper.getRestaurant (C:\Users\akin_\Documents\dev\FoodApp\Quarkus\oneeats-backend\tests\helpers\api-helper.ts:13:41)
        at C:\Users\akin_\Documents\dev\FoodApp\Quarkus\oneeats-backend\tests\specs\phase2-api.spec.ts:34:34
]]>
</failure>
<system-out>
<![CDATA[ðŸ” Test 2.2 : API Restaurant dÃ©tails
]]>
</system-out>
</testcase>
<testcase name="Phase 2 : Tests API Backend â€º Test 2.3 : API Menu Items - GET /menu-items/restaurant/{id}" classname="phase2-api.spec.ts" time="0.003">
<failure message="phase2-api.spec.ts:46:7 Test 2.3 : API Menu Items - GET /menu-items/restaurant/{id}" type="FAILURE">
<![CDATA[  [api-backend] â€º phase2-api.spec.ts:46:7 â€º Phase 2 : Tests API Backend â€º Test 2.3 : API Menu Items - GET /menu-items/restaurant/{id} 

    Error: apiRequestContext.get: Fixture { request } from beforeAll cannot be reused in a test.
      - Recommended fix: use a separate { request } in the test.
      - Alternatively, manually create APIRequestContext in beforeAll and dispose it in afterAll.
    See https://playwright.dev/docs/api-testing#sending-api-requests-from-ui-tests for more details.

       at ..\helpers\api-helper.ts:18

      16 |
      17 |   async getRestaurantMenuItems(restaurantId: string) {
    > 18 |     const response = await this.request.get(`/menu-items/restaurant/${restaurantId}`);
         |                                         ^
      19 |     return await response.json();
      20 |   }
      21 |
        at ApiHelper.getRestaurantMenuItems (C:\Users\akin_\Documents\dev\FoodApp\Quarkus\oneeats-backend\tests\helpers\api-helper.ts:18:41)
        at C:\Users\akin_\Documents\dev\FoodApp\Quarkus\oneeats-backend\tests\specs\phase2-api.spec.ts:49:33
]]>
</failure>
<system-out>
<![CDATA[ðŸ½ï¸ Test 2.3 : API Menu Items
]]>
</system-out>
</testcase>
<testcase name="Phase 2 : Tests API Backend â€º Test 2.4 : CohÃ©rence API-BDD" classname="phase2-api.spec.ts" time="0.004">
<failure message="phase2-api.spec.ts:98:7 Test 2.4 : CohÃ©rence API-BDD" type="FAILURE">
<![CDATA[  [api-backend] â€º phase2-api.spec.ts:98:7 â€º Phase 2 : Tests API Backend â€º Test 2.4 : CohÃ©rence API-BDD 

    Error: apiRequestContext.get: Fixture { request } from beforeAll cannot be reused in a test.
      - Recommended fix: use a separate { request } in the test.
      - Alternatively, manually create APIRequestContext in beforeAll and dispose it in afterAll.
    See https://playwright.dev/docs/api-testing#sending-api-requests-from-ui-tests for more details.

       at ..\helpers\api-helper.ts:18

      16 |
      17 |   async getRestaurantMenuItems(restaurantId: string) {
    > 18 |     const response = await this.request.get(`/menu-items/restaurant/${restaurantId}`);
         |                                         ^
      19 |     return await response.json();
      20 |   }
      21 |
        at ApiHelper.getRestaurantMenuItems (C:\Users\akin_\Documents\dev\FoodApp\Quarkus\oneeats-backend\tests\helpers\api-helper.ts:18:41)
        at C:\Users\akin_\Documents\dev\FoodApp\Quarkus\oneeats-backend\tests\specs\phase2-api.spec.ts:102:36
]]>
</failure>
<system-out>
<![CDATA[ðŸ”„ Test 2.4 : CohÃ©rence API-BDD
]]>
</system-out>
</testcase>
<testcase name="Phase 2 : Tests API Backend â€º Test 2.5 : Performance API" classname="phase2-api.spec.ts" time="0.053">
<failure message="phase2-api.spec.ts:126:7 Test 2.5 : Performance API" type="FAILURE">
<![CDATA[  [api-backend] â€º phase2-api.spec.ts:126:7 â€º Phase 2 : Tests API Backend â€º Test 2.5 : Performance API 

    Error: expect(received).toBe(expected) // Object.is equality

    Expected: true
    Received: false

      142 |     const menuTime = Date.now() - menuStartTime;
      143 |     
    > 144 |     expect(menuResponse.ok()).toBe(true);
          |                               ^
      145 |     expect(menuTime).toBeLessThan(1500); // Moins de 1.5 secondes
      146 |     console.log(`ðŸ½ï¸ GET /menu-items: ${menuTime}ms`);
      147 |     
        at C:\Users\akin_\Documents\dev\FoodApp\Quarkus\oneeats-backend\tests\specs\phase2-api.spec.ts:144:31
]]>
</failure>
<system-out>
<![CDATA[âš¡ Test 2.5 : Performance API
ðŸª GET /restaurants: 43ms
]]>
</system-out>
</testcase>
</testsuite>
<testsuite name="phase3-orders.spec.ts" timestamp="2025-09-09T18:49:07.466Z" hostname="api-backend" tests="4" failures="4" skipped="0" time="0.013" errors="0">
<testcase name="Phase 3 : Tests Commandes API (Backend) â€º Test 3.1 : Test API commandes complÃ¨te" classname="phase3-orders.spec.ts" time="0.003">
<failure message="phase3-orders.spec.ts:13:7 Test 3.1 : Test API commandes complÃ¨te" type="FAILURE">
<![CDATA[  [api-backend] â€º phase3-orders.spec.ts:13:7 â€º Phase 3 : Tests Commandes API (Backend) â€º Test 3.1 : Test API commandes complÃ¨te 

    Error: apiRequestContext.get: Fixture { request } from beforeAll cannot be reused in a test.
      - Recommended fix: use a separate { request } in the test.
      - Alternatively, manually create APIRequestContext in beforeAll and dispose it in afterAll.
    See https://playwright.dev/docs/api-testing#sending-api-requests-from-ui-tests for more details.

       at ..\helpers\api-helper.ts:18

      16 |
      17 |   async getRestaurantMenuItems(restaurantId: string) {
    > 18 |     const response = await this.request.get(`/menu-items/restaurant/${restaurantId}`);
         |                                         ^
      19 |     return await response.json();
      20 |   }
      21 |
        at ApiHelper.getRestaurantMenuItems (C:\Users\akin_\Documents\dev\FoodApp\Quarkus\oneeats-backend\tests\helpers\api-helper.ts:18:41)
        at C:\Users\akin_\Documents\dev\FoodApp\Quarkus\oneeats-backend\tests\specs\phase3-orders.spec.ts:17:33
]]>
</failure>
<system-out>
<![CDATA[ðŸ”— Test 3.1 : Test API commandes complÃ¨te
]]>
</system-out>
</testcase>
<testcase name="Phase 3 : Tests Commandes API (Backend) â€º Test 3.2 : Simulation cycle de vie complet d&apos;une commande" classname="phase3-orders.spec.ts" time="0.004">
<failure message="phase3-orders.spec.ts:86:7 Test 3.2 : Simulation cycle de vie complet d&apos;une commande" type="FAILURE">
<![CDATA[  [api-backend] â€º phase3-orders.spec.ts:86:7 â€º Phase 3 : Tests Commandes API (Backend) â€º Test 3.2 : Simulation cycle de vie complet d'une commande 

    Error: apiRequestContext.get: Fixture { request } from beforeAll cannot be reused in a test.
      - Recommended fix: use a separate { request } in the test.
      - Alternatively, manually create APIRequestContext in beforeAll and dispose it in afterAll.
    See https://playwright.dev/docs/api-testing#sending-api-requests-from-ui-tests for more details.

       at ..\helpers\api-helper.ts:18

      16 |
      17 |   async getRestaurantMenuItems(restaurantId: string) {
    > 18 |     const response = await this.request.get(`/menu-items/restaurant/${restaurantId}`);
         |                                         ^
      19 |     return await response.json();
      20 |   }
      21 |
        at ApiHelper.getRestaurantMenuItems (C:\Users\akin_\Documents\dev\FoodApp\Quarkus\oneeats-backend\tests\helpers\api-helper.ts:18:41)
        at C:\Users\akin_\Documents\dev\FoodApp\Quarkus\oneeats-backend\tests\specs\phase3-orders.spec.ts:90:33
]]>
</failure>
<system-out>
<![CDATA[ðŸ”„ Test 3.2 : Cycle de vie complet d'une commande
]]>
</system-out>
</testcase>
<testcase name="Phase 3 : Tests Commandes API (Backend) â€º Test 3.3 : Validation donnÃ©es commande en BDD" classname="phase3-orders.spec.ts" time="0.003">
<failure message="phase3-orders.spec.ts:140:7 Test 3.3 : Validation donnÃ©es commande en BDD" type="FAILURE">
<![CDATA[  [api-backend] â€º phase3-orders.spec.ts:140:7 â€º Phase 3 : Tests Commandes API (Backend) â€º Test 3.3 : Validation donnÃ©es commande en BDD 

    Error: apiRequestContext.get: Fixture { request } from beforeAll cannot be reused in a test.
      - Recommended fix: use a separate { request } in the test.
      - Alternatively, manually create APIRequestContext in beforeAll and dispose it in afterAll.
    See https://playwright.dev/docs/api-testing#sending-api-requests-from-ui-tests for more details.

       at ..\helpers\api-helper.ts:18

      16 |
      17 |   async getRestaurantMenuItems(restaurantId: string) {
    > 18 |     const response = await this.request.get(`/menu-items/restaurant/${restaurantId}`);
         |                                         ^
      19 |     return await response.json();
      20 |   }
      21 |
        at ApiHelper.getRestaurantMenuItems (C:\Users\akin_\Documents\dev\FoodApp\Quarkus\oneeats-backend\tests\helpers\api-helper.ts:18:41)
        at C:\Users\akin_\Documents\dev\FoodApp\Quarkus\oneeats-backend\tests\specs\phase3-orders.spec.ts:144:33
]]>
</failure>
<system-out>
<![CDATA[ðŸ—„ï¸ Test 3.3 : Validation donnÃ©es commande en BDD
]]>
</system-out>
</testcase>
<testcase name="Phase 3 : Tests Commandes API (Backend) â€º Test 3.4 : Test charge et performance commandes" classname="phase3-orders.spec.ts" time="0.003">
<failure message="phase3-orders.spec.ts:217:7 Test 3.4 : Test charge et performance commandes" type="FAILURE">
<![CDATA[  [api-backend] â€º phase3-orders.spec.ts:217:7 â€º Phase 3 : Tests Commandes API (Backend) â€º Test 3.4 : Test charge et performance commandes 

    Error: apiRequestContext.get: Fixture { request } from beforeAll cannot be reused in a test.
      - Recommended fix: use a separate { request } in the test.
      - Alternatively, manually create APIRequestContext in beforeAll and dispose it in afterAll.
    See https://playwright.dev/docs/api-testing#sending-api-requests-from-ui-tests for more details.

       at ..\helpers\api-helper.ts:18

      16 |
      17 |   async getRestaurantMenuItems(restaurantId: string) {
    > 18 |     const response = await this.request.get(`/menu-items/restaurant/${restaurantId}`);
         |                                         ^
      19 |     return await response.json();
      20 |   }
      21 |
        at ApiHelper.getRestaurantMenuItems (C:\Users\akin_\Documents\dev\FoodApp\Quarkus\oneeats-backend\tests\helpers\api-helper.ts:18:41)
        at C:\Users\akin_\Documents\dev\FoodApp\Quarkus\oneeats-backend\tests\specs\phase3-orders.spec.ts:220:33
]]>
</failure>
<system-out>
<![CDATA[âš¡ Test 3.4 : Performance commandes
]]>
</system-out>
</testcase>
</testsuite>
<testsuite name="integration-complete.spec.ts" timestamp="2025-09-09T18:49:07.466Z" hostname="integration" tests="2" failures="2" skipped="0" time="1.091" errors="0">
<testcase name="Integration ComplÃ¨te : Flow OneEats End-to-End â€º Flow complet : Dashboard â†’ API â†’ Mobile â†’ BDD" classname="integration-complete.spec.ts" time="0.796">
<failure message="integration-complete.spec.ts:13:7 Flow complet : Dashboard â†’ API â†’ Mobile â†’ BDD" type="FAILURE">
<![CDATA[  [integration] â€º integration-complete.spec.ts:13:7 â€º Integration ComplÃ¨te : Flow OneEats End-to-End â€º Flow complet : Dashboard â†’ API â†’ Mobile â†’ BDD 

    Error: apiRequestContext.get: Fixture { request } from beforeAll cannot be reused in a test.
      - Recommended fix: use a separate { request } in the test.
      - Alternatively, manually create APIRequestContext in beforeAll and dispose it in afterAll.
    See https://playwright.dev/docs/api-testing#sending-api-requests-from-ui-tests for more details.

       at ..\helpers\api-helper.ts:18

      16 |
      17 |   async getRestaurantMenuItems(restaurantId: string) {
    > 18 |     const response = await this.request.get(`/menu-items/restaurant/${restaurantId}`);
         |                                         ^
      19 |     return await response.json();
      20 |   }
      21 |
        at ApiHelper.getRestaurantMenuItems (C:\Users\akin_\Documents\dev\FoodApp\Quarkus\oneeats-backend\tests\helpers\api-helper.ts:18:41)
        at C:\Users\akin_\Documents\dev\FoodApp\Quarkus\oneeats-backend\tests\specs\integration-complete.spec.ts:29:36

    attachment #1: screenshot (image/png) â”€â”€â”€â”€â”€â”€â”€â”€â”€â”€â”€â”€â”€â”€â”€â”€â”€â”€â”€â”€â”€â”€â”€â”€â”€â”€â”€â”€â”€â”€â”€â”€â”€â”€â”€â”€â”€â”€â”€â”€â”€â”€â”€â”€â”€â”€â”€â”€â”€â”€â”€â”€â”€â”€â”€â”€â”€â”€
    ..\test-results\integration-complete-Integ-b879b-hboard-â†’-API-â†’-Mobile-â†’-BDD-integration\test-failed-1.png
    â”€â”€â”€â”€â”€â”€â”€â”€â”€â”€â”€â”€â”€â”€â”€â”€â”€â”€â”€â”€â”€â”€â”€â”€â”€â”€â”€â”€â”€â”€â”€â”€â”€â”€â”€â”€â”€â”€â”€â”€â”€â”€â”€â”€â”€â”€â”€â”€â”€â”€â”€â”€â”€â”€â”€â”€â”€â”€â”€â”€â”€â”€â”€â”€â”€â”€â”€â”€â”€â”€â”€â”€â”€â”€â”€â”€â”€â”€â”€â”€â”€â”€â”€â”€â”€â”€â”€â”€â”€â”€â”€â”€â”€â”€â”€â”€

    attachment #2: video (video/webm) â”€â”€â”€â”€â”€â”€â”€â”€â”€â”€â”€â”€â”€â”€â”€â”€â”€â”€â”€â”€â”€â”€â”€â”€â”€â”€â”€â”€â”€â”€â”€â”€â”€â”€â”€â”€â”€â”€â”€â”€â”€â”€â”€â”€â”€â”€â”€â”€â”€â”€â”€â”€â”€â”€â”€â”€â”€â”€â”€â”€â”€â”€
    ..\test-results\integration-complete-Integ-b879b-hboard-â†’-API-â†’-Mobile-â†’-BDD-integration\video.webm
    â”€â”€â”€â”€â”€â”€â”€â”€â”€â”€â”€â”€â”€â”€â”€â”€â”€â”€â”€â”€â”€â”€â”€â”€â”€â”€â”€â”€â”€â”€â”€â”€â”€â”€â”€â”€â”€â”€â”€â”€â”€â”€â”€â”€â”€â”€â”€â”€â”€â”€â”€â”€â”€â”€â”€â”€â”€â”€â”€â”€â”€â”€â”€â”€â”€â”€â”€â”€â”€â”€â”€â”€â”€â”€â”€â”€â”€â”€â”€â”€â”€â”€â”€â”€â”€â”€â”€â”€â”€â”€â”€â”€â”€â”€â”€â”€

    Error Context: ..\test-results\integration-complete-Integ-b879b-hboard-â†’-API-â†’-Mobile-â†’-BDD-integration\error-context.md
]]>
</failure>
<system-out>
<![CDATA[ðŸŽ¯ Test Flow Complet OneEats
ðŸ“Š PHASE 1: Dashboard Restaurant
ðŸŒ Dashboard: 0 plats affichÃ©s
ðŸ”— PHASE 2: API Backend

[[ATTACHMENT|..\test-results\integration-complete-Integ-b879b-hboard-â†’-API-â†’-Mobile-â†’-BDD-integration\test-failed-1.png]]

[[ATTACHMENT|..\test-results\integration-complete-Integ-b879b-hboard-â†’-API-â†’-Mobile-â†’-BDD-integration\video.webm]]

[[ATTACHMENT|..\test-results\integration-complete-Integ-b879b-hboard-â†’-API-â†’-Mobile-â†’-BDD-integration\error-context.md]]
]]>
</system-out>
</testcase>
<testcase name="Integration ComplÃ¨te : Flow OneEats End-to-End â€º Test de rÃ©gression : FonctionnalitÃ©s critiques" classname="integration-complete.spec.ts" time="0.295">
<failure message="integration-complete.spec.ts:115:7 Test de rÃ©gression : FonctionnalitÃ©s critiques" type="FAILURE">
<![CDATA[  [integration] â€º integration-complete.spec.ts:115:7 â€º Integration ComplÃ¨te : Flow OneEats End-to-End â€º Test de rÃ©gression : FonctionnalitÃ©s critiques 

    Error: apiRequestContext.get: Fixture { request } from beforeAll cannot be reused in a test.
      - Recommended fix: use a separate { request } in the test.
      - Alternatively, manually create APIRequestContext in beforeAll and dispose it in afterAll.
    See https://playwright.dev/docs/api-testing#sending-api-requests-from-ui-tests for more details.

       at ..\helpers\api-helper.ts:8

       6 |   // Restaurants
       7 |   async getAllRestaurants() {
    >  8 |     const response = await this.request.get('/restaurants');
         |                                         ^
       9 |     return await response.json();
      10 |   }
      11 |
        at ApiHelper.getAllRestaurants (C:\Users\akin_\Documents\dev\FoodApp\Quarkus\oneeats-backend\tests\helpers\api-helper.ts:8:41)
        at C:\Users\akin_\Documents\dev\FoodApp\Quarkus\oneeats-backend\tests\specs\integration-complete.spec.ts:119:35

    attachment #1: screenshot (image/png) â”€â”€â”€â”€â”€â”€â”€â”€â”€â”€â”€â”€â”€â”€â”€â”€â”€â”€â”€â”€â”€â”€â”€â”€â”€â”€â”€â”€â”€â”€â”€â”€â”€â”€â”€â”€â”€â”€â”€â”€â”€â”€â”€â”€â”€â”€â”€â”€â”€â”€â”€â”€â”€â”€â”€â”€â”€â”€
    ..\test-results\integration-complete-Integ-17111-n-FonctionnalitÃ©s-critiques-integration\test-failed-1.png
    â”€â”€â”€â”€â”€â”€â”€â”€â”€â”€â”€â”€â”€â”€â”€â”€â”€â”€â”€â”€â”€â”€â”€â”€â”€â”€â”€â”€â”€â”€â”€â”€â”€â”€â”€â”€â”€â”€â”€â”€â”€â”€â”€â”€â”€â”€â”€â”€â”€â”€â”€â”€â”€â”€â”€â”€â”€â”€â”€â”€â”€â”€â”€â”€â”€â”€â”€â”€â”€â”€â”€â”€â”€â”€â”€â”€â”€â”€â”€â”€â”€â”€â”€â”€â”€â”€â”€â”€â”€â”€â”€â”€â”€â”€â”€â”€

    attachment #2: video (video/webm) â”€â”€â”€â”€â”€â”€â”€â”€â”€â”€â”€â”€â”€â”€â”€â”€â”€â”€â”€â”€â”€â”€â”€â”€â”€â”€â”€â”€â”€â”€â”€â”€â”€â”€â”€â”€â”€â”€â”€â”€â”€â”€â”€â”€â”€â”€â”€â”€â”€â”€â”€â”€â”€â”€â”€â”€â”€â”€â”€â”€â”€â”€
    ..\test-results\integration-complete-Integ-17111-n-FonctionnalitÃ©s-critiques-integration\video.webm
    â”€â”€â”€â”€â”€â”€â”€â”€â”€â”€â”€â”€â”€â”€â”€â”€â”€â”€â”€â”€â”€â”€â”€â”€â”€â”€â”€â”€â”€â”€â”€â”€â”€â”€â”€â”€â”€â”€â”€â”€â”€â”€â”€â”€â”€â”€â”€â”€â”€â”€â”€â”€â”€â”€â”€â”€â”€â”€â”€â”€â”€â”€â”€â”€â”€â”€â”€â”€â”€â”€â”€â”€â”€â”€â”€â”€â”€â”€â”€â”€â”€â”€â”€â”€â”€â”€â”€â”€â”€â”€â”€â”€â”€â”€â”€â”€
]]>
</failure>
<system-out>
<![CDATA[ðŸ” Test de RÃ©gression OneEats

[[ATTACHMENT|..\test-results\integration-complete-Integ-17111-n-FonctionnalitÃ©s-critiques-integration\test-failed-1.png]]

[[ATTACHMENT|..\test-results\integration-complete-Integ-17111-n-FonctionnalitÃ©s-critiques-integration\video.webm]]
]]>
</system-out>
</testcase>
</testsuite>
</testsuites>